<?xml version="1.0" encoding="UTF-8"?>
<!-- Generated by org.testng.reporters.JUnitReportReporter -->
<testsuite hostname="LAPTOP-AGI6CIQA" failures="0" tests="1" name="TestClass.AccountRegistration" time="2.162" errors="0" timestamp="2025-04-18T19:03:57 IST" skipped="0">
  <testcase classname="TestClass.AccountRegistration" name="VerifyAccountRegister" time="2.162"/>
  <system-out/>
</testsuite> <!-- TestClass.AccountRegistration -->
